/usr/local/bin/quast.py flye_assembly_1/assembly.fasta medaka_assembly_1/consensus.fasta medaka_assembly_2/consensus.fasta medaka_assembly_3/consensus.fasta -o QUAST_ONT/

Version: 5.0.2

System information:
  OS: Linux-4.16.0-2-amd64-x86_64-with-debian-9.4 (linux_64)
  Python version: 2.7.13
  CPUs number: 120

Started: 2020-11-21 06:23:28

Logging to /Bmo/jyakovleva/parampampam/genomes/PGD/data/pipeline/QUAST_ONT/quast.log
NOTICE: Maximum number of threads is set to 30 (use --threads option to set it manually)

CWD: /Bmo/jyakovleva/parampampam/genomes/PGD/data/pipeline
Main parameters: 
  MODE: default, threads: 30, minimum contig length: 500, minimum alignment length: 65, \
  ambiguity: one, threshold for extensive misassembly size: 1000

Contigs:
  Pre-processing...
  1  flye_assembly_1/assembly.fasta ==> assembly
  2  medaka_assembly_1/consensus.fasta ==> medaka_assembly_1_consensus
  3  medaka_assembly_2/consensus.fasta ==> medaka_assembly_2_consensus
  4  medaka_assembly_3/consensus.fasta ==> medaka_assembly_3_consensus

2020-11-21 06:23:32
Running Basic statistics processor...
  Contig files: 
    1  assembly
    2  medaka_assembly_1_consensus
    3  medaka_assembly_2_consensus
    4  medaka_assembly_3_consensus
  Calculating N50 and L50...
    1  assembly, N50 = 277586, L50 = 43, Total length = 32329712, GC % = 28.65, # N's per 100 kbp =  0.31
    2  medaka_assembly_1_consensus, N50 = 280068, L50 = 42, Total length = 32101582, GC % = 28.52, # N's per 100 kbp =  0.00
    3  medaka_assembly_2_consensus, N50 = 280441, L50 = 42, Total length = 32137739, GC % = 28.52, # N's per 100 kbp =  0.00
    4  medaka_assembly_3_consensus, N50 = 280848, L50 = 42, Total length = 32134007, GC % = 28.52, # N's per 100 kbp =  0.00
  Drawing Nx plot...
    saved to /Bmo/jyakovleva/parampampam/genomes/PGD/data/pipeline/QUAST_ONT/basic_stats/Nx_plot.pdf
  Drawing cumulative plot...
    saved to /Bmo/jyakovleva/parampampam/genomes/PGD/data/pipeline/QUAST_ONT/basic_stats/cumulative_plot.pdf
  Drawing GC content plot...
    saved to /Bmo/jyakovleva/parampampam/genomes/PGD/data/pipeline/QUAST_ONT/basic_stats/GC_content_plot.pdf
  Drawing assembly GC content plot...
    saved to /Bmo/jyakovleva/parampampam/genomes/PGD/data/pipeline/QUAST_ONT/basic_stats/assembly_GC_content_plot.pdf
  Drawing medaka_assembly_1_consensus GC content plot...
    saved to /Bmo/jyakovleva/parampampam/genomes/PGD/data/pipeline/QUAST_ONT/basic_stats/medaka_assembly_1_consensus_GC_content_plot.pdf
  Drawing medaka_assembly_2_consensus GC content plot...
    saved to /Bmo/jyakovleva/parampampam/genomes/PGD/data/pipeline/QUAST_ONT/basic_stats/medaka_assembly_2_consensus_GC_content_plot.pdf
  Drawing medaka_assembly_3_consensus GC content plot...
    saved to /Bmo/jyakovleva/parampampam/genomes/PGD/data/pipeline/QUAST_ONT/basic_stats/medaka_assembly_3_consensus_GC_content_plot.pdf
Done.

NOTICE: Genes are not predicted by default. Use --gene-finding or --glimmer option to enable it.

2020-11-21 06:23:44
Creating large visual summaries...
This may take a while: press Ctrl-C to skip this step..
  1 of 2: Creating Icarus viewers...
  2 of 2: Creating PDF with all tables and plots...
Done

2020-11-21 06:23:47
RESULTS:
  Text versions of total report are saved to /Bmo/jyakovleva/parampampam/genomes/PGD/data/pipeline/QUAST_ONT/report.txt, report.tsv, and report.tex
  Text versions of transposed total report are saved to /Bmo/jyakovleva/parampampam/genomes/PGD/data/pipeline/QUAST_ONT/transposed_report.txt, transposed_report.tsv, and transposed_report.tex
  HTML version (interactive tables and plots) is saved to /Bmo/jyakovleva/parampampam/genomes/PGD/data/pipeline/QUAST_ONT/report.html
  PDF version (tables and plots) is saved to /Bmo/jyakovleva/parampampam/genomes/PGD/data/pipeline/QUAST_ONT/report.pdf
  Icarus (contig browser) is saved to /Bmo/jyakovleva/parampampam/genomes/PGD/data/pipeline/QUAST_ONT/icarus.html
  Log is saved to /Bmo/jyakovleva/parampampam/genomes/PGD/data/pipeline/QUAST_ONT/quast.log

Finished: 2020-11-21 06:23:47
Elapsed time: 0:00:19.371378
NOTICEs: 2; WARNINGs: 0; non-fatal ERRORs: 0

Thank you for using QUAST!
